\BOOKMARK [1][-]{section.1}{Dominion}{}% 1
\BOOKMARK [1][-]{section.2}{Motivation}{}% 2
\BOOKMARK [1][-]{section.3}{Rules}{}% 3
\BOOKMARK [2][-]{subsection.3.1}{Setup}{section.3}% 4
\BOOKMARK [2][-]{subsection.3.2}{Gameplay}{section.3}% 5
\BOOKMARK [2][-]{subsection.3.3}{There are four phases for a hand}{section.3}% 6
\BOOKMARK [2][-]{subsection.3.4}{End}{section.3}% 7
\BOOKMARK [1][-]{section.4}{General Approach}{}% 8
\BOOKMARK [1][-]{section.5}{Goals}{}% 9
\BOOKMARK [1][-]{section.6}{Game Design}{}% 10
\BOOKMARK [1][-]{section.7}{Command Line Interface}{}% 11
\BOOKMARK [1][-]{section.8}{Exploratory Analysis}{}% 12
\BOOKMARK [1][-]{section.9}{Strategies}{}% 13
\BOOKMARK [2][-]{subsection.9.1}{Intuition}{section.9}% 14
\BOOKMARK [2][-]{subsection.9.2}{Simulated Strategies}{section.9}% 15
\BOOKMARK [3][-]{subsubsection.9.2.1}{Simplifications}{subsection.9.2}% 16
\BOOKMARK [1][-]{section.10}{Simulations}{}% 17
\BOOKMARK [2][-]{subsection.10.1}{Qualitative Insights}{section.10}% 18
\BOOKMARK [2][-]{subsection.10.2}{Strategies Explained}{section.10}% 19
\BOOKMARK [3][-]{subsubsection.10.2.1}{Random}{subsection.10.2}% 20
\BOOKMARK [3][-]{subsubsection.10.2.2}{Max Actions}{subsection.10.2}% 21
\BOOKMARK [3][-]{subsubsection.10.2.3}{Max Money}{subsection.10.2}% 22
\BOOKMARK [3][-]{subsubsection.10.2.4}{Balance}{subsection.10.2}% 23
\BOOKMARK [3][-]{subsubsection.10.2.5}{Card Specific}{subsection.10.2}% 24
\BOOKMARK [2][-]{subsection.10.3}{Win Charts}{section.10}% 25
\BOOKMARK [1][-]{section.11}{Gathering Data}{}% 26
\BOOKMARK [1][-]{section.12}{Brief Model Overview}{}% 27
\BOOKMARK [2][-]{subsection.12.1}{K-Means}{section.12}% 28
\BOOKMARK [2][-]{subsection.12.2}{Hypothesis Testing}{section.12}% 29
\BOOKMARK [1][-]{section.13}{Risks}{}% 30
\BOOKMARK [1][-]{section.14}{Results}{}% 31
\BOOKMARK [1][-]{section.15}{Summary}{}% 32
\BOOKMARK [1][-]{section.16}{Coding Reflection}{}% 33
\BOOKMARK [1][-]{section.17}{Miscellaneous and further ideas}{}% 34
\BOOKMARK [1][-]{section.18}{Open Source}{}% 35
